Using pre-set license
Built from '2020.3/staging' branch; Version is '2020.3.23f1 (c5d91304a876) revision 12966163'; Using compiler version '192528614'; Build Type 'Release'
OS: 'Windows 10 Home Single Language; OS build 19043.1348; Version 2009; 64bit' Language: 'en' Physical Memory: 7055 MB
BatchMode: 1, IsHumanControllingUs: 0, StartBugReporterOnCrash: 0, Is64bit: 1, IsPro: 0

COMMAND LINE ARGUMENTS:
C:\Program Files\Unity\Hub\Editor\2020.3.23f1\Editor\Unity.exe
-adb2
-batchMode
-noUpm
-name
AssetImportWorker0
-projectPath
C:/Users/cuida/Documents/Unity/Projects/Burguer
-logFile
Logs/AssetImportWorker0.log
-srvPort
61783
Successfully changed project path to: C:/Users/cuida/Documents/Unity/Projects/Burguer
C:/Users/cuida/Documents/Unity/Projects/Burguer
Using Asset Import Pipeline V2.
Refreshing native plugins compatible for Editor in 136.51 ms, found 2 plugins.
Preloading 0 native plugins for Editor in 0.00 ms.
Initialize engine version: 2020.3.23f1 (c5d91304a876)
[Subsystems] Discovering subsystems at path C:/Program Files/Unity/Hub/Editor/2020.3.23f1/Editor/Data/Resources/UnitySubsystems
[Subsystems] Discovering subsystems at path C:/Users/cuida/Documents/Unity/Projects/Burguer/Assets
GfxDevice: creating device client; threaded=0
Direct3D:
    Version:  Direct3D 11.0 [level 11.1]
    Renderer: AMD Radeon(TM) R5 Graphics (ID=0x98e4)
    Vendor:   
    VRAM:     3527 MB
    Driver:   26.20.11026.12001
Initialize mono
Mono path[0] = 'C:/Program Files/Unity/Hub/Editor/2020.3.23f1/Editor/Data/Managed'
Mono path[1] = 'C:/Program Files/Unity/Hub/Editor/2020.3.23f1/Editor/Data/MonoBleedingEdge/lib/mono/unityjit'
Mono config path = 'C:/Program Files/Unity/Hub/Editor/2020.3.23f1/Editor/Data/MonoBleedingEdge/etc'
Using monoOptions --debugger-agent=transport=dt_socket,embedding=1,server=y,suspend=n,address=127.0.0.1:56508
Begin MonoManager ReloadAssembly
Registering precompiled unity dll's ...
Register platform support module: C:/Program Files/Unity/Hub/Editor/2020.3.23f1/Editor/Data/PlaybackEngines/WindowsStandaloneSupport/UnityEditor.WindowsStandalone.Extensions.dll
Registered in 0.003376 seconds.
Native extension for WindowsStandalone target not found
Refreshing native plugins compatible for Editor in 132.67 ms, found 2 plugins.
Preloading 0 native plugins for Editor in 0.00 ms.
Mono: successfully reloaded assembly
- Completed reload, in  1.277 seconds
Domain Reload Profiling:
	ReloadAssembly (1277ms)
		BeginReloadAssembly (111ms)
			ExecutionOrderSort (0ms)
			DisableScriptedObjects (0ms)
			BackupInstance (0ms)
			ReleaseScriptingObjects (0ms)
			CreateAndSetChildDomain (1ms)
		EndReloadAssembly (1010ms)
			LoadAssemblies (108ms)
			RebuildTransferFunctionScriptingTraits (0ms)
			SetupTypeCache (335ms)
			ReleaseScriptCaches (0ms)
			RebuildScriptCaches (68ms)
			SetupLoadedEditorAssemblies (402ms)
				LogAssemblyErrors (0ms)
				InitializePlatformSupportModulesInManaged (11ms)
				SetLoadedEditorAssemblies (0ms)
				RefreshPlugins (133ms)
				BeforeProcessingInitializeOnLoad (25ms)
				ProcessInitializeOnLoadAttributes (168ms)
				ProcessInitializeOnLoadMethodAttributes (64ms)
				AfterProcessingInitializeOnLoad (0ms)
				EditorAssembliesLoaded (0ms)
			ExecutionOrderSort2 (0ms)
			AwakeInstancesAfterBackupRestoration (0ms)
Platform modules already initialized, skipping
Registering precompiled user dll's ...
Registered in 0.011394 seconds.
Begin MonoManager ReloadAssembly
Native extension for WindowsStandalone target not found
Refreshing native plugins compatible for Editor in 570.48 ms, found 2 plugins.
Preloading 0 native plugins for Editor in 0.00 ms.
Mono: successfully reloaded assembly
- Completed reload, in 16.738 seconds
Domain Reload Profiling:
	ReloadAssembly (16743ms)
		BeginReloadAssembly (1293ms)
			ExecutionOrderSort (0ms)
			DisableScriptedObjects (43ms)
			BackupInstance (0ms)
			ReleaseScriptingObjects (2ms)
			CreateAndSetChildDomain (261ms)
		EndReloadAssembly (14899ms)
			LoadAssemblies (881ms)
			RebuildTransferFunctionScriptingTraits (0ms)
			SetupTypeCache (3144ms)
			ReleaseScriptCaches (3ms)
			RebuildScriptCaches (547ms)
			SetupLoadedEditorAssemblies (9426ms)
				LogAssemblyErrors (0ms)
				InitializePlatformSupportModulesInManaged (36ms)
				SetLoadedEditorAssemblies (1ms)
				RefreshPlugins (571ms)
				BeforeProcessingInitializeOnLoad (342ms)
				ProcessInitializeOnLoadAttributes (8392ms)
				ProcessInitializeOnLoadMethodAttributes (35ms)
				AfterProcessingInitializeOnLoad (50ms)
				EditorAssembliesLoaded (1ms)
			ExecutionOrderSort2 (0ms)
			AwakeInstancesAfterBackupRestoration (54ms)
Platform modules already initialized, skipping
========================================================================
Worker process is ready to serve import requests
Launched and connected shader compiler UnityShaderCompiler.exe after 0.45 seconds
Refreshing native plugins compatible for Editor in 1.50 ms, found 2 plugins.
Preloading 0 native plugins for Editor in 0.00 ms.
Unloading 3798 Unused Serialized files (Serialized files now loaded: 0)
System memory in use before: 171.6 MB.
System memory in use after: 171.8 MB.

Unloading 20 unused Assets to reduce memory usage. Loaded Objects now: 4243.
Total: 32.459400 ms (FindLiveObjects: 5.307400 ms CreateObjectMapping: 1.264700 ms MarkObjects: 25.620400 ms  DeleteObjects: 0.262800 ms)

AssetImportParameters requested are different than current active one (requested -> active):
  custom:framework-win-MediaFoundation: 216162199b28c13a410421893ffa2e32 -> 
  custom:video-decoder-ogg-theora: a1e56fd34408186e4bbccfd4996cb3dc -> 
  custom:container-muxer-webm: aa71ff27fc2769a1b78a27578f13a17b -> 
  custom:container-demuxer-webm: 4f35f7cbe854078d1ac9338744f61a02 -> 
  custom:container-demuxer-ogg: 62fdf1f143b41e24485cea50d1cbac27 -> 
  custom:video-encoder-webm-vp8: eb34c28f22e8b96e1ab97ce403110664 -> 
  custom:video-codec-MediaFoundation-h265: 746d11721c4dcdbdad8f713fa42b33f4 -> 
  custom:video-decoder-webm-vp8: 9c59270c3fd7afecdb556c50c9e8de78 -> 
  custom:audio-decoder-ogg-vorbis: bf7c407c2cedff20999df2af8eb42d56 -> 
  custom:audio-encoder-webm-vorbis: bf7c407c2cedff20999df2af8eb42d56 -> 
========================================================================
Received Import Request.
  path: Assets/Elements/Models/Materials/building materials/Tiles/Bath tiles/Tiles107_1K_Smoothness.jpg
  artifactKey: Guid(6e2a9c80a38b000409bdc12c4a970526) Importer(815301076,1909f56bfc062723c751e8b465ee728b)
Start importing Assets/Elements/Models/Materials/building materials/Tiles/Bath tiles/Tiles107_1K_Smoothness.jpg using Guid(6e2a9c80a38b000409bdc12c4a970526) Importer(815301076,1909f56bfc062723c751e8b465ee728b)  -> (artifact id: 'f18b31ed8777241a2e7c39dcc522b925') in 0.229874 seconds 
  Import took 0.241405 seconds .

========================================================================
Received Import Request.
  Time since last request: 0.000451 seconds.
  path: Assets/Elements/Models/Materials/building materials/Tiles/Bath tiles/Tiles107_1K_NormalGL.jpg
  artifactKey: Guid(460d6203cefc52349a66f6d4b79ebd0c) Importer(815301076,1909f56bfc062723c751e8b465ee728b)
Start importing Assets/Elements/Models/Materials/building materials/Tiles/Bath tiles/Tiles107_1K_NormalGL.jpg using Guid(460d6203cefc52349a66f6d4b79ebd0c) Importer(815301076,1909f56bfc062723c751e8b465ee728b)  -> (artifact id: '700c8baa173f79e0de7d1217b32b6d4f') in 0.121639 seconds 
  Import took 0.131113 seconds .

========================================================================
Received Import Request.
  Time since last request: 0.000304 seconds.
  path: Assets/Elements/Models/Materials/building materials/Tiles/Bath tiles/Tiles107_1K_AmbientOcclusion.jpg
  artifactKey: Guid(1cef2d8d1dd52fe4f9dc48cd62331863) Importer(815301076,1909f56bfc062723c751e8b465ee728b)
Start importing Assets/Elements/Models/Materials/building materials/Tiles/Bath tiles/Tiles107_1K_AmbientOcclusion.jpg using Guid(1cef2d8d1dd52fe4f9dc48cd62331863) Importer(815301076,1909f56bfc062723c751e8b465ee728b)  -> (artifact id: '2638895111f99f3ef26b0ce13f0c8262') in 0.085813 seconds 
  Import took 0.097679 seconds .

========================================================================
Received Import Request.
  Time since last request: 0.000302 seconds.
  path: Assets/Elements/Models/Materials/building materials/Wood
  artifactKey: Guid(95d005e8e11dcd244b98e3d597ad31f6) Importer(815301076,1909f56bfc062723c751e8b465ee728b)
Start importing Assets/Elements/Models/Materials/building materials/Wood using Guid(95d005e8e11dcd244b98e3d597ad31f6) Importer(815301076,1909f56bfc062723c751e8b465ee728b)  -> (artifact id: '13123b8f64626fabc86c2da19796f59c') in 0.044372 seconds 
  Import took 0.070518 seconds .

========================================================================
Received Import Request.
  Time since last request: 37.600667 seconds.
  path: Assets/Elements/Models/Materials/building materials/Tiles/drive-download-20211107T032329Z-001/Material_643.png
  artifactKey: Guid(f8f0d1e900e2f8c47a84ad7d2da5d441) Importer(815301076,1909f56bfc062723c751e8b465ee728b)
Start importing Assets/Elements/Models/Materials/building materials/Tiles/drive-download-20211107T032329Z-001/Material_643.png using Guid(f8f0d1e900e2f8c47a84ad7d2da5d441) Importer(815301076,1909f56bfc062723c751e8b465ee728b)  -> (artifact id: '2510acc14657190889367226f5683b14') in 0.045589 seconds 
  Import took 0.056456 seconds .

========================================================================
Received Import Request.
  Time since last request: 60.100841 seconds.
  path: Assets/Elements/Models/Materials/building materials/Wood/dark/Wood066_1K_Smoothness.jpg
  artifactKey: Guid(30a383aa846e56240a1845b93479f44e) Importer(815301076,1909f56bfc062723c751e8b465ee728b)
Start importing Assets/Elements/Models/Materials/building materials/Wood/dark/Wood066_1K_Smoothness.jpg using Guid(30a383aa846e56240a1845b93479f44e) Importer(815301076,1909f56bfc062723c751e8b465ee728b)  -> (artifact id: 'fb28c889019a9643cb4993800de5bae8') in 0.120400 seconds 
  Import took 0.134466 seconds .

========================================================================
Received Import Request.
  Time since last request: 0.668767 seconds.
  path: Assets/Elements/Models/Materials/building materials/Wood/dark/Wood066_PREVIEW.jpg
  artifactKey: Guid(74418bb15dc2ae048b8a23a8565509c5) Importer(815301076,1909f56bfc062723c751e8b465ee728b)
Start importing Assets/Elements/Models/Materials/building materials/Wood/dark/Wood066_PREVIEW.jpg using Guid(74418bb15dc2ae048b8a23a8565509c5) Importer(815301076,1909f56bfc062723c751e8b465ee728b)  -> (artifact id: '855bdfb35bf356b67a7da9bcff4adac4') in 0.098187 seconds 
  Import took 0.110307 seconds .

========================================================================
Received Import Request.
  Time since last request: 7.585078 seconds.
  path: Assets/Elements/Models/Materials/building materials/Tiles/OfficeCeiling001_1K-JPG/OfficeCeiling001_1K-JPG.usda
  artifactKey: Guid(229518fb1da1c4244ad366454c565ea4) Importer(815301076,1909f56bfc062723c751e8b465ee728b)
Start importing Assets/Elements/Models/Materials/building materials/Tiles/OfficeCeiling001_1K-JPG/OfficeCeiling001_1K-JPG.usda using Guid(229518fb1da1c4244ad366454c565ea4) Importer(815301076,1909f56bfc062723c751e8b465ee728b)  -> (artifact id: 'c0ddcfcf673e44ae132bb0de8177c320') in 1.142594 seconds 
  Import took 1.155386 seconds .

========================================================================
Received Import Request.
  Time since last request: 0.567613 seconds.
  path: Assets/Elements/Models/Materials/building materials/Tiles/OfficeCeiling001_1K-JPG/OfficeCeiling001_1K-JPG.usdc
  artifactKey: Guid(3d6fe01b17807dc459cfaede43361a0f) Importer(815301076,1909f56bfc062723c751e8b465ee728b)
Start importing Assets/Elements/Models/Materials/building materials/Tiles/OfficeCeiling001_1K-JPG/OfficeCeiling001_1K-JPG.usdc using Guid(3d6fe01b17807dc459cfaede43361a0f) Importer(815301076,1909f56bfc062723c751e8b465ee728b)  -> (artifact id: 'dcc526875edb42c55abd3534bda34969') in 0.056481 seconds 
  Import took 0.075394 seconds .

========================================================================
Received Import Request.
  Time since last request: 4.878724 seconds.
  path: Assets/Elements/Models/Materials/building materials/Tiles/chess tiles/Tiles074_1K_Smoothness.jpg
  artifactKey: Guid(be8f78f3c5393564fbb38d4052d0ef86) Importer(815301076,1909f56bfc062723c751e8b465ee728b)
Start importing Assets/Elements/Models/Materials/building materials/Tiles/chess tiles/Tiles074_1K_Smoothness.jpg using Guid(be8f78f3c5393564fbb38d4052d0ef86) Importer(815301076,1909f56bfc062723c751e8b465ee728b)  -> (artifact id: '191f3e3195c23f5bec3995e04edf22dc') in 0.095808 seconds 
  Import took 0.110069 seconds .

========================================================================
Received Import Request.
  Time since last request: 0.409260 seconds.
  path: Assets/Elements/Models/Materials/building materials/Tiles/chess tiles/Tiles074_PREVIEW.jpg
  artifactKey: Guid(79d2c30cc1eafa1439682684658c85e7) Importer(815301076,1909f56bfc062723c751e8b465ee728b)
Start importing Assets/Elements/Models/Materials/building materials/Tiles/chess tiles/Tiles074_PREVIEW.jpg using Guid(79d2c30cc1eafa1439682684658c85e7) Importer(815301076,1909f56bfc062723c751e8b465ee728b)  -> (artifact id: '0d46a63ad0008053298cd01dac4745d7') in 0.101448 seconds 
  Import took 0.113580 seconds .

========================================================================
Received Import Request.
  Time since last request: 14.671698 seconds.
  path: Assets/Elements/Models/Materials/building materials/Wood/Red wood/Wood069_1K-JPG.usda
  artifactKey: Guid(a0f9e1e092aebb04db3095ffef45233b) Importer(815301076,1909f56bfc062723c751e8b465ee728b)
Start importing Assets/Elements/Models/Materials/building materials/Wood/Red wood/Wood069_1K-JPG.usda using Guid(a0f9e1e092aebb04db3095ffef45233b) Importer(815301076,1909f56bfc062723c751e8b465ee728b)  -> (artifact id: '5c336b3489fa86fa6b3a6ae7eacaec43') in 0.983301 seconds 
  Import took 0.997107 seconds .

========================================================================
Received Import Request.
  Time since last request: 11.462658 seconds.
  path: Assets/Elements/Models/Materials/building materials/Wood/WoodFloor043_1K-JPG/WoodFloor043_PREVIEW.jpg
  artifactKey: Guid(34fa6033ebe158545bd415f87b892fc4) Importer(815301076,1909f56bfc062723c751e8b465ee728b)
Start importing Assets/Elements/Models/Materials/building materials/Wood/WoodFloor043_1K-JPG/WoodFloor043_PREVIEW.jpg using Guid(34fa6033ebe158545bd415f87b892fc4) Importer(815301076,1909f56bfc062723c751e8b465ee728b)  -> (artifact id: '7a996500d7423426c9660997ebb4a27a') in 0.129053 seconds 
  Import took 0.140126 seconds .

========================================================================
Received Prepare
Registering precompiled user dll's ...
Registered in 0.049655 seconds.
Begin MonoManager ReloadAssembly
Native extension for WindowsStandalone target not found
Refreshing native plugins compatible for Editor in 1.53 ms, found 2 plugins.
Preloading 0 native plugins for Editor in 0.00 ms.
Mono: successfully reloaded assembly
- Completed reload, in  4.787 seconds
Domain Reload Profiling:
	ReloadAssembly (4788ms)
		BeginReloadAssembly (274ms)
			ExecutionOrderSort (0ms)
			DisableScriptedObjects (9ms)
			BackupInstance (0ms)
			ReleaseScriptingObjects (0ms)
			CreateAndSetChildDomain (84ms)
		EndReloadAssembly (4325ms)
			LoadAssemblies (354ms)
			RebuildTransferFunctionScriptingTraits (0ms)
			SetupTypeCache (1470ms)
			ReleaseScriptCaches (4ms)
			RebuildScriptCaches (151ms)
			SetupLoadedEditorAssemblies (1774ms)
				LogAssemblyErrors (0ms)
				InitializePlatformSupportModulesInManaged (54ms)
				SetLoadedEditorAssemblies (2ms)
				RefreshPlugins (2ms)
				BeforeProcessingInitializeOnLoad (431ms)
				ProcessInitializeOnLoadAttributes (1261ms)
				ProcessInitializeOnLoadMethodAttributes (9ms)
				AfterProcessingInitializeOnLoad (15ms)
				EditorAssembliesLoaded (1ms)
			ExecutionOrderSort2 (0ms)
			AwakeInstancesAfterBackupRestoration (22ms)
Platform modules already initialized, skipping
Refreshing native plugins compatible for Editor in 1.57 ms, found 2 plugins.
Preloading 0 native plugins for Editor in 0.00 ms.
Unloading 3626 Unused Serialized files (Serialized files now loaded: 0)
System memory in use before: 161.6 MB.
System memory in use after: 161.9 MB.

Unloading 15 unused Assets to reduce memory usage. Loaded Objects now: 4249.
Total: 10.446400 ms (FindLiveObjects: 0.929200 ms CreateObjectMapping: 0.365700 ms MarkObjects: 9.036300 ms  DeleteObjects: 0.112200 ms)

AssetImportParameters requested are different than current active one (requested -> active):
  custom:framework-win-MediaFoundation: 216162199b28c13a410421893ffa2e32 -> 
  custom:video-decoder-ogg-theora: a1e56fd34408186e4bbccfd4996cb3dc -> 
  custom:container-muxer-webm: aa71ff27fc2769a1b78a27578f13a17b -> 
  custom:container-demuxer-webm: 4f35f7cbe854078d1ac9338744f61a02 -> 
  custom:container-demuxer-ogg: 62fdf1f143b41e24485cea50d1cbac27 -> 
  custom:video-encoder-webm-vp8: eb34c28f22e8b96e1ab97ce403110664 -> 
  custom:video-codec-MediaFoundation-h265: 746d11721c4dcdbdad8f713fa42b33f4 -> 
  custom:video-decoder-webm-vp8: 9c59270c3fd7afecdb556c50c9e8de78 -> 
  custom:audio-decoder-ogg-vorbis: bf7c407c2cedff20999df2af8eb42d56 -> 
  custom:audio-encoder-webm-vorbis: bf7c407c2cedff20999df2af8eb42d56 -> 
========================================================================
Received Prepare
Registering precompiled user dll's ...
Registered in 0.009888 seconds.
Begin MonoManager ReloadAssembly
Native extension for WindowsStandalone target not found
Refreshing native plugins compatible for Editor in 1.40 ms, found 2 plugins.
Preloading 0 native plugins for Editor in 0.00 ms.
Mono: successfully reloaded assembly
- Completed reload, in  2.421 seconds
Domain Reload Profiling:
	ReloadAssembly (2422ms)
		BeginReloadAssembly (519ms)
			ExecutionOrderSort (0ms)
			DisableScriptedObjects (15ms)
			BackupInstance (0ms)
			ReleaseScriptingObjects (0ms)
			CreateAndSetChildDomain (175ms)
		EndReloadAssembly (1781ms)
			LoadAssemblies (244ms)
			RebuildTransferFunctionScriptingTraits (0ms)
			SetupTypeCache (611ms)
			ReleaseScriptCaches (3ms)
			RebuildScriptCaches (86ms)
			SetupLoadedEditorAssemblies (706ms)
				LogAssemblyErrors (0ms)
				InitializePlatformSupportModulesInManaged (7ms)
				SetLoadedEditorAssemblies (1ms)
				RefreshPlugins (2ms)
				BeforeProcessingInitializeOnLoad (178ms)
				ProcessInitializeOnLoadAttributes (500ms)
				ProcessInitializeOnLoadMethodAttributes (8ms)
				AfterProcessingInitializeOnLoad (11ms)
				EditorAssembliesLoaded (1ms)
			ExecutionOrderSort2 (0ms)
			AwakeInstancesAfterBackupRestoration (16ms)
Platform modules already initialized, skipping
Refreshing native plugins compatible for Editor in 1.80 ms, found 2 plugins.
Preloading 0 native plugins for Editor in 0.00 ms.
Unloading 3619 Unused Serialized files (Serialized files now loaded: 0)
System memory in use before: 161.5 MB.
System memory in use after: 161.7 MB.

Unloading 17 unused Assets to reduce memory usage. Loaded Objects now: 4247.
Total: 16.204000 ms (FindLiveObjects: 0.859600 ms CreateObjectMapping: 0.536500 ms MarkObjects: 14.736400 ms  DeleteObjects: 0.067600 ms)

AssetImportParameters requested are different than current active one (requested -> active):
  custom:framework-win-MediaFoundation: 216162199b28c13a410421893ffa2e32 -> 
  custom:video-decoder-ogg-theora: a1e56fd34408186e4bbccfd4996cb3dc -> 
  custom:container-muxer-webm: aa71ff27fc2769a1b78a27578f13a17b -> 
  custom:container-demuxer-webm: 4f35f7cbe854078d1ac9338744f61a02 -> 
  custom:container-demuxer-ogg: 62fdf1f143b41e24485cea50d1cbac27 -> 
  custom:video-encoder-webm-vp8: eb34c28f22e8b96e1ab97ce403110664 -> 
  custom:video-codec-MediaFoundation-h265: 746d11721c4dcdbdad8f713fa42b33f4 -> 
  custom:video-decoder-webm-vp8: 9c59270c3fd7afecdb556c50c9e8de78 -> 
  custom:audio-decoder-ogg-vorbis: bf7c407c2cedff20999df2af8eb42d56 -> 
  custom:audio-encoder-webm-vorbis: bf7c407c2cedff20999df2af8eb42d56 -> 
AssetImportWorkerClient::OnTransportError - code=2 error=End of file
