Using pre-set license
Built from '2020.3/staging' branch; Version is '2020.3.19f1 (68f137dc9bbe) revision 6877495'; Using compiler version '192528614'; Build Type 'Release'
OS: 'Windows 10 Home Single Language; OS build 19043.1320; Version 2009; 64bit' Language: 'en' Physical Memory: 7055 MB
BatchMode: 1, IsHumanControllingUs: 0, StartBugReporterOnCrash: 0, Is64bit: 1, IsPro: 0

COMMAND LINE ARGUMENTS:
C:\Program Files\Unity\Hub\Editor\2020.3.19f1\Editor\Unity.exe
-adb2
-batchMode
-noUpm
-name
AssetImportWorker1
-projectPath
C:/Users/cuida/Documents/Unity/Proyects/Burguer
-logFile
Logs/AssetImportWorker1.log
-srvPort
49632
Successfully changed project path to: C:/Users/cuida/Documents/Unity/Proyects/Burguer
C:/Users/cuida/Documents/Unity/Proyects/Burguer
Using Asset Import Pipeline V2.
Refreshing native plugins compatible for Editor in 565.83 ms, found 2 plugins.
Preloading 0 native plugins for Editor in 0.00 ms.
Initialize engine version: 2020.3.19f1 (68f137dc9bbe)
[Subsystems] Discovering subsystems at path C:/Program Files/Unity/Hub/Editor/2020.3.19f1/Editor/Data/Resources/UnitySubsystems
[Subsystems] Discovering subsystems at path C:/Users/cuida/Documents/Unity/Proyects/Burguer/Assets
GfxDevice: creating device client; threaded=0
Direct3D:
    Version:  Direct3D 11.0 [level 11.1]
    Renderer: AMD Radeon(TM) R5 Graphics (ID=0x98e4)
    Vendor:   
    VRAM:     3527 MB
    Driver:   26.20.11026.12001
Initialize mono
Mono path[0] = 'C:/Program Files/Unity/Hub/Editor/2020.3.19f1/Editor/Data/Managed'
Mono path[1] = 'C:/Program Files/Unity/Hub/Editor/2020.3.19f1/Editor/Data/MonoBleedingEdge/lib/mono/unityjit'
Mono config path = 'C:/Program Files/Unity/Hub/Editor/2020.3.19f1/Editor/Data/MonoBleedingEdge/etc'
Using monoOptions --debugger-agent=transport=dt_socket,embedding=1,server=y,suspend=n,address=127.0.0.1:56392
Begin MonoManager ReloadAssembly
Registering precompiled unity dll's ...
Register platform support module: C:/Program Files/Unity/Hub/Editor/2020.3.19f1/Editor/Data/PlaybackEngines/WindowsStandaloneSupport/UnityEditor.WindowsStandalone.Extensions.dll
Registered in 0.020394 seconds.
Native extension for WindowsStandalone target not found
Refreshing native plugins compatible for Editor in 128.81 ms, found 2 plugins.
Preloading 0 native plugins for Editor in 0.00 ms.
Mono: successfully reloaded assembly
- Completed reload, in  3.386 seconds
Domain Reload Profiling:
	ReloadAssembly (3387ms)
		BeginReloadAssembly (143ms)
			ExecutionOrderSort (0ms)
			DisableScriptedObjects (0ms)
			BackupInstance (0ms)
			ReleaseScriptingObjects (0ms)
			CreateAndSetChildDomain (2ms)
		EndReloadAssembly (1425ms)
			LoadAssemblies (138ms)
			RebuildTransferFunctionScriptingTraits (1ms)
			SetupTypeCache (704ms)
			ReleaseScriptCaches (0ms)
			RebuildScriptCaches (72ms)
			SetupLoadedEditorAssemblies (411ms)
				LogAssemblyErrors (0ms)
				InitializePlatformSupportModulesInManaged (20ms)
				SetLoadedEditorAssemblies (0ms)
				RefreshPlugins (129ms)
				BeforeProcessingInitializeOnLoad (26ms)
				ProcessInitializeOnLoadAttributes (167ms)
				ProcessInitializeOnLoadMethodAttributes (67ms)
				AfterProcessingInitializeOnLoad (0ms)
				EditorAssembliesLoaded (0ms)
			ExecutionOrderSort2 (0ms)
			AwakeInstancesAfterBackupRestoration (0ms)
Platform modules already initialized, skipping
Registering precompiled user dll's ...
Registered in 0.009774 seconds.
Begin MonoManager ReloadAssembly
Native extension for WindowsStandalone target not found
Refreshing native plugins compatible for Editor in 139.23 ms, found 2 plugins.
Preloading 0 native plugins for Editor in 0.00 ms.
Mono: successfully reloaded assembly
- Completed reload, in  3.169 seconds
Domain Reload Profiling:
	ReloadAssembly (3172ms)
		BeginReloadAssembly (351ms)
			ExecutionOrderSort (0ms)
			DisableScriptedObjects (8ms)
			BackupInstance (0ms)
			ReleaseScriptingObjects (0ms)
			CreateAndSetChildDomain (39ms)
		EndReloadAssembly (2664ms)
			LoadAssemblies (311ms)
			RebuildTransferFunctionScriptingTraits (0ms)
			SetupTypeCache (723ms)
			ReleaseScriptCaches (1ms)
			RebuildScriptCaches (121ms)
			SetupLoadedEditorAssemblies (1287ms)
				LogAssemblyErrors (0ms)
				InitializePlatformSupportModulesInManaged (11ms)
				SetLoadedEditorAssemblies (0ms)
				RefreshPlugins (139ms)
				BeforeProcessingInitializeOnLoad (213ms)
				ProcessInitializeOnLoadAttributes (897ms)
				ProcessInitializeOnLoadMethodAttributes (12ms)
				AfterProcessingInitializeOnLoad (14ms)
				EditorAssembliesLoaded (1ms)
			ExecutionOrderSort2 (0ms)
			AwakeInstancesAfterBackupRestoration (14ms)
Platform modules already initialized, skipping
========================================================================
Worker process is ready to serve import requests
Launched and connected shader compiler UnityShaderCompiler.exe after 0.22 seconds
Refreshing native plugins compatible for Editor in 1.39 ms, found 2 plugins.
Preloading 0 native plugins for Editor in 0.00 ms.
Unloading 3782 Unused Serialized files (Serialized files now loaded: 0)
System memory in use before: 167.3 MB.
System memory in use after: 167.5 MB.

Unloading 20 unused Assets to reduce memory usage. Loaded Objects now: 4232.
Total: 10.303700 ms (FindLiveObjects: 0.780500 ms CreateObjectMapping: 0.343900 ms MarkObjects: 8.985000 ms  DeleteObjects: 0.191400 ms)

AssetImportParameters requested are different than current active one (requested -> active):
  custom:framework-win-MediaFoundation: 216162199b28c13a410421893ffa2e32 -> 
  custom:video-decoder-ogg-theora: a1e56fd34408186e4bbccfd4996cb3dc -> 
  custom:container-muxer-webm: aa71ff27fc2769a1b78a27578f13a17b -> 
  custom:container-demuxer-webm: 4f35f7cbe854078d1ac9338744f61a02 -> 
  custom:container-demuxer-ogg: 62fdf1f143b41e24485cea50d1cbac27 -> 
  custom:video-encoder-webm-vp8: eb34c28f22e8b96e1ab97ce403110664 -> 
  custom:video-codec-MediaFoundation-h265: 746d11721c4dcdbdad8f713fa42b33f4 -> 
  custom:video-decoder-webm-vp8: 9c59270c3fd7afecdb556c50c9e8de78 -> 
  custom:audio-decoder-ogg-vorbis: bf7c407c2cedff20999df2af8eb42d56 -> 
  custom:audio-encoder-webm-vorbis: bf7c407c2cedff20999df2af8eb42d56 -> 
========================================================================
Received Import Request.
  path: Assets/Elements/Models/Materials/building materials/Test/Tiles/chess tiles
  artifactKey: Guid(ce9383c2520791845923dbe85c011244) Importer(815301076,1909f56bfc062723c751e8b465ee728b)
Start importing Assets/Elements/Models/Materials/building materials/Test/Tiles/chess tiles using Guid(ce9383c2520791845923dbe85c011244) Importer(815301076,1909f56bfc062723c751e8b465ee728b)  -> (artifact id: 'd86c61b10ec282c95647ad35db27ac84') in 0.022267 seconds 
  Import took 0.119085 seconds .

========================================================================
Received Import Request.
  Time since last request: 1924.743964 seconds.
  path: Assets/Elements/Models/Materials/building materials/Test/Tiles/Tiles036_1K-JPG
  artifactKey: Guid(4a8347733e044e8409b589001a67d91e) Importer(815301076,1909f56bfc062723c751e8b465ee728b)
Start importing Assets/Elements/Models/Materials/building materials/Test/Tiles/Tiles036_1K-JPG using Guid(4a8347733e044e8409b589001a67d91e) Importer(815301076,1909f56bfc062723c751e8b465ee728b)  -> (artifact id: '7e1adcbb0eb2d79571a6e7b8242c3697') in 0.057654 seconds 
  Import took 0.201607 seconds .

========================================================================
Received Import Request.
  Time since last request: 0.699945 seconds.
  path: Assets/Elements/Models/Materials/building materials/Test/Tiles/chess tiles/Chess tiles.mat
  artifactKey: Guid(e0944b756d1d51641bc21a2f9add84f5) Importer(815301076,1909f56bfc062723c751e8b465ee728b)
Start importing Assets/Elements/Models/Materials/building materials/Test/Tiles/chess tiles/Chess tiles.mat using Guid(e0944b756d1d51641bc21a2f9add84f5) Importer(815301076,1909f56bfc062723c751e8b465ee728b)  -> (artifact id: '4f8128eeffce7ebc0fdd5657d8c499bb') in 0.696180 seconds 
  Import took 0.774664 seconds .

========================================================================
Received Import Request.
  Time since last request: 103.318717 seconds.
  path: Assets/Elements/Models/Materials/building materials/Test/Tiles/drive-download-20211107T032329Z-001/Tiles_016_ambientOcclusion.jpg
  artifactKey: Guid(dd3f8e05b555d7d4b86fb30cee889d65) Importer(815301076,1909f56bfc062723c751e8b465ee728b)
Start importing Assets/Elements/Models/Materials/building materials/Test/Tiles/drive-download-20211107T032329Z-001/Tiles_016_ambientOcclusion.jpg using Guid(dd3f8e05b555d7d4b86fb30cee889d65) Importer(815301076,1909f56bfc062723c751e8b465ee728b)  -> (artifact id: '22222737351ce1c904558a4eebbd5d80') in 0.399267 seconds 
  Import took 0.445255 seconds .

========================================================================
Received Import Request.
  Time since last request: 0.000351 seconds.
  path: Assets/Elements/Models/Materials/building materials/Test/Tiles/drive-download-20211107T032329Z-001/Tiles_016_height.png
  artifactKey: Guid(f30aeee5fbe26b3469164b1401385a2f) Importer(815301076,1909f56bfc062723c751e8b465ee728b)
Start importing Assets/Elements/Models/Materials/building materials/Test/Tiles/drive-download-20211107T032329Z-001/Tiles_016_height.png using Guid(f30aeee5fbe26b3469164b1401385a2f) Importer(815301076,1909f56bfc062723c751e8b465ee728b)  -> (artifact id: 'efe771c5b41b43c937abfb3c6bd78ea5') in 0.098524 seconds 
  Import took 0.130705 seconds .

========================================================================
Received Import Request.
  Time since last request: 0.000377 seconds.
  path: Assets/Elements/Models/Materials/building materials/Test/Tiles/drive-download-20211107T032329Z-001/Tiles_016_roughness.jpg
  artifactKey: Guid(97d8ece1317ada44a83f1cc2cd104ab1) Importer(815301076,1909f56bfc062723c751e8b465ee728b)
Start importing Assets/Elements/Models/Materials/building materials/Test/Tiles/drive-download-20211107T032329Z-001/Tiles_016_roughness.jpg using Guid(97d8ece1317ada44a83f1cc2cd104ab1) Importer(815301076,1909f56bfc062723c751e8b465ee728b)  -> (artifact id: 'da1d5c501fd3205b575d29a5780e72e9') in 0.098170 seconds 
  Import took 0.128605 seconds .

========================================================================
Received Import Request.
  Time since last request: 0.000361 seconds.
  path: Assets/Elements/Models/Materials/building materials/Test/Tiles/drive-download-20211107T032329Z-001/Tiles_016_normal.jpg
  artifactKey: Guid(ef08a1123f85b6847a1ae21caa2d5183) Importer(815301076,1909f56bfc062723c751e8b465ee728b)
Start importing Assets/Elements/Models/Materials/building materials/Test/Tiles/drive-download-20211107T032329Z-001/Tiles_016_normal.jpg using Guid(ef08a1123f85b6847a1ae21caa2d5183) Importer(815301076,1909f56bfc062723c751e8b465ee728b)  -> (artifact id: 'c522e47a26fb6b53d8574b32eb325a42') in 0.102510 seconds 
  Import took 0.125243 seconds .

========================================================================
Received Import Request.
  Time since last request: 0.000347 seconds.
  path: Assets/Elements/Models/Materials/building materials/Test/Tiles/drive-download-20211107T032329Z-001/Tiles_016_basecolor.jpg
  artifactKey: Guid(086167f3eb014a045a219c3d8ee2b305) Importer(815301076,1909f56bfc062723c751e8b465ee728b)
Start importing Assets/Elements/Models/Materials/building materials/Test/Tiles/drive-download-20211107T032329Z-001/Tiles_016_basecolor.jpg using Guid(086167f3eb014a045a219c3d8ee2b305) Importer(815301076,1909f56bfc062723c751e8b465ee728b)  -> (artifact id: 'f1643b9cebe5996c56ddedea1099f981') in 0.097514 seconds 
  Import took 0.127871 seconds .

========================================================================
Received Import Request.
  Time since last request: 63.988488 seconds.
  path: Assets/Elements/Models/Materials/building materials/Test/Tiles/chess tiles/Chess tiles.mat
  artifactKey: Guid(e0944b756d1d51641bc21a2f9add84f5) Importer(815301076,1909f56bfc062723c751e8b465ee728b)
Start importing Assets/Elements/Models/Materials/building materials/Test/Tiles/chess tiles/Chess tiles.mat using Guid(e0944b756d1d51641bc21a2f9add84f5) Importer(815301076,1909f56bfc062723c751e8b465ee728b)  -> (artifact id: 'e35ff3751806bb2c291676f6efc2daf1') in 0.125519 seconds 
  Import took 0.175513 seconds .

========================================================================
Received Import Request.
  Time since last request: 1317.321353 seconds.
  path: Assets/Scenes/AI test/LightingData.asset
  artifactKey: Guid(588592645d72b0e43a1d12d09af434bc) Importer(815301076,1909f56bfc062723c751e8b465ee728b)
Start importing Assets/Scenes/AI test/LightingData.asset using Guid(588592645d72b0e43a1d12d09af434bc) Importer(815301076,1909f56bfc062723c751e8b465ee728b)  -> (artifact id: '554181b1c8bdd1438ef3eb760e2d70d3') in 0.074880 seconds 
  Import took 0.145650 seconds .

========================================================================
Received Import Request.
  Time since last request: 0.001724 seconds.
  path: Assets/Scenes/AI test/Lightmap-0_comp_dir.png
  artifactKey: Guid(e64681f1de275174180147fff7fe79b6) Importer(815301076,1909f56bfc062723c751e8b465ee728b)
Start importing Assets/Scenes/AI test/Lightmap-0_comp_dir.png using Guid(e64681f1de275174180147fff7fe79b6) Importer(815301076,1909f56bfc062723c751e8b465ee728b)  -> (artifact id: '60065e5bd763cef9a9dbf9aa8e70348c') in 0.126004 seconds 
  Import took 0.195728 seconds .

========================================================================
Received Import Request.
  Time since last request: 0.000948 seconds.
  path: Assets/Scenes/AI test/ReflectionProbe-0.exr
  artifactKey: Guid(b2db58658f86a524295560a608962131) Importer(815301076,1909f56bfc062723c751e8b465ee728b)
Start importing Assets/Scenes/AI test/ReflectionProbe-0.exr using Guid(b2db58658f86a524295560a608962131) Importer(815301076,1909f56bfc062723c751e8b465ee728b)  -> (artifact id: '1dbb331f65529eb02089e9bf4940d4a9') in 0.201141 seconds 
  Import took 0.266091 seconds .

========================================================================
Received Import Request.
  Time since last request: 0.000449 seconds.
  path: Assets/Scenes/AI test/ReflectionProbe-1.exr
  artifactKey: Guid(abe651330e35bbe4f8aec7a434d81f14) Importer(815301076,1909f56bfc062723c751e8b465ee728b)
Start importing Assets/Scenes/AI test/ReflectionProbe-1.exr using Guid(abe651330e35bbe4f8aec7a434d81f14) Importer(815301076,1909f56bfc062723c751e8b465ee728b)  -> (artifact id: '87b0ed707b7d4ded375777f2b05a626d') in 0.146597 seconds 
  Import took 0.195790 seconds .

========================================================================
Received Import Request.
  Time since last request: 0.000561 seconds.
  path: Assets/Scenes/AI test/Lightmap-0_comp_light.exr
  artifactKey: Guid(69d68eb0631737442b93c1ce76172ba1) Importer(815301076,1909f56bfc062723c751e8b465ee728b)
Start importing Assets/Scenes/AI test/Lightmap-0_comp_light.exr using Guid(69d68eb0631737442b93c1ce76172ba1) Importer(815301076,1909f56bfc062723c751e8b465ee728b)  -> (artifact id: 'fbf772d858b91853a3f4b5d3e100156f') in 0.153763 seconds 
  Import took 0.198251 seconds .

========================================================================
Received Import Request.
  Time since last request: 0.000435 seconds.
  path: Assets/Scenes/AI test/NavMesh.asset
  artifactKey: Guid(6f27b309e3b2b25418029a08cfbad632) Importer(815301076,1909f56bfc062723c751e8b465ee728b)
Start importing Assets/Scenes/AI test/NavMesh.asset using Guid(6f27b309e3b2b25418029a08cfbad632) Importer(815301076,1909f56bfc062723c751e8b465ee728b)  -> (artifact id: '3259f08491091242d963eeb5ed424bff') in 0.167307 seconds 
  Import took 0.243432 seconds .

========================================================================
Received Import Request.
  Time since last request: 349.028734 seconds.
  path: Assets/Scenes/AI test/LightingData.asset
  artifactKey: Guid(588592645d72b0e43a1d12d09af434bc) Importer(815301076,1909f56bfc062723c751e8b465ee728b)
Start importing Assets/Scenes/AI test/LightingData.asset using Guid(588592645d72b0e43a1d12d09af434bc) Importer(815301076,1909f56bfc062723c751e8b465ee728b)  -> (artifact id: 'c5614e0dd555f06e01aed5332aedbb9d') in 0.010188 seconds 
  Import took 0.133391 seconds .

========================================================================
Received Import Request.
  Time since last request: 0.000352 seconds.
  path: Assets/Scenes/AI test/Lightmap-0_comp_dir.png
  artifactKey: Guid(e64681f1de275174180147fff7fe79b6) Importer(815301076,1909f56bfc062723c751e8b465ee728b)
Start importing Assets/Scenes/AI test/Lightmap-0_comp_dir.png using Guid(e64681f1de275174180147fff7fe79b6) Importer(815301076,1909f56bfc062723c751e8b465ee728b)  -> (artifact id: 'c2088e12e93d91c7dbe3a00c8b77cfb8') in 0.102979 seconds 
  Import took 0.168152 seconds .

========================================================================
Received Import Request.
  Time since last request: 0.000666 seconds.
  path: Assets/Scenes/AI test/Lightmap-0_comp_light.exr
  artifactKey: Guid(69d68eb0631737442b93c1ce76172ba1) Importer(815301076,1909f56bfc062723c751e8b465ee728b)
Start importing Assets/Scenes/AI test/Lightmap-0_comp_light.exr using Guid(69d68eb0631737442b93c1ce76172ba1) Importer(815301076,1909f56bfc062723c751e8b465ee728b)  -> (artifact id: 'f884c816793907c7851e1db40517545c') in 0.092141 seconds 
  Import took 0.127880 seconds .

========================================================================
Received Import Request.
  Time since last request: 317.078944 seconds.
  path: Assets/Scenes/AI test/LightingData.asset
  artifactKey: Guid(588592645d72b0e43a1d12d09af434bc) Importer(815301076,1909f56bfc062723c751e8b465ee728b)
Start importing Assets/Scenes/AI test/LightingData.asset using Guid(588592645d72b0e43a1d12d09af434bc) Importer(815301076,1909f56bfc062723c751e8b465ee728b)  -> (artifact id: '0f9366773e6f49a26f67fc068aa27c39') in 0.011650 seconds 
  Import took 0.709180 seconds .

========================================================================
Received Import Request.
  Time since last request: 0.000440 seconds.
  path: Assets/Scenes/AI test/Lightmap-0_comp_dir.png
  artifactKey: Guid(e64681f1de275174180147fff7fe79b6) Importer(815301076,1909f56bfc062723c751e8b465ee728b)
Start importing Assets/Scenes/AI test/Lightmap-0_comp_dir.png using Guid(e64681f1de275174180147fff7fe79b6) Importer(815301076,1909f56bfc062723c751e8b465ee728b)  -> (artifact id: '60fc6c4bcc24f7c4835041c4fd73b227') in 0.071637 seconds 
  Import took 0.183761 seconds .

========================================================================
Received Import Request.
  Time since last request: 0.000423 seconds.
  path: Assets/Scenes/AI test/ReflectionProbe-0.exr
  artifactKey: Guid(b2db58658f86a524295560a608962131) Importer(815301076,1909f56bfc062723c751e8b465ee728b)
Start importing Assets/Scenes/AI test/ReflectionProbe-0.exr using Guid(b2db58658f86a524295560a608962131) Importer(815301076,1909f56bfc062723c751e8b465ee728b)  -> (artifact id: 'd93d7a13b5541650f28cf123d5a1f4d5') in 0.085923 seconds 
  Import took 0.150805 seconds .

========================================================================
Received Import Request.
  Time since last request: 0.000443 seconds.
  path: Assets/Scenes/AI test/Lightmap-0_comp_light.exr
  artifactKey: Guid(69d68eb0631737442b93c1ce76172ba1) Importer(815301076,1909f56bfc062723c751e8b465ee728b)
Start importing Assets/Scenes/AI test/Lightmap-0_comp_light.exr using Guid(69d68eb0631737442b93c1ce76172ba1) Importer(815301076,1909f56bfc062723c751e8b465ee728b)  -> (artifact id: 'cbc37ea61c8d2cd91ea004deff3c9053') in 0.088732 seconds 
  Import took 0.179335 seconds .

========================================================================
Received Import Request.
  Time since last request: 876.243517 seconds.
  path: Assets/Elements/Models/Materials/Lights/White light.mat
  artifactKey: Guid(951844caddf315d4cbf740378e8eb91a) Importer(815301076,1909f56bfc062723c751e8b465ee728b)
Start importing Assets/Elements/Models/Materials/Lights/White light.mat using Guid(951844caddf315d4cbf740378e8eb91a) Importer(815301076,1909f56bfc062723c751e8b465ee728b)  -> (artifact id: '32db49d1994c8710e1816290b56e3a6c') in 0.137322 seconds 
  Import took 0.171300 seconds .

========================================================================
Received Import Request.
  Time since last request: 7.094775 seconds.
  path: Assets/Elements/Models/Materials/Lights/White light NO EMISSION.mat
  artifactKey: Guid(f62c2b7476ec38f48ac57004ba8a07de) Importer(815301076,1909f56bfc062723c751e8b465ee728b)
Start importing Assets/Elements/Models/Materials/Lights/White light NO EMISSION.mat using Guid(f62c2b7476ec38f48ac57004ba8a07de) Importer(815301076,1909f56bfc062723c751e8b465ee728b)  -> (artifact id: '6e31074630405f55d366338eae195e9b') in 0.091763 seconds 
  Import took 0.114938 seconds .

========================================================================
Received Import Request.
  Time since last request: 10.261188 seconds.
  path: Assets/Elements/Models/Materials/Lights/NO EMISSION withe light.mat
  artifactKey: Guid(f62c2b7476ec38f48ac57004ba8a07de) Importer(815301076,1909f56bfc062723c751e8b465ee728b)
Start importing Assets/Elements/Models/Materials/Lights/NO EMISSION withe light.mat using Guid(f62c2b7476ec38f48ac57004ba8a07de) Importer(815301076,1909f56bfc062723c751e8b465ee728b)  -> (artifact id: '768895308a250d90f7952e8ed995b9a1') in 0.113180 seconds 
  Import took 0.141056 seconds .

========================================================================
Received Import Request.
  Time since last request: 57.705415 seconds.
  path: Assets/Elements/Models/Materials/Lights/withe light low emission.mat
  artifactKey: Guid(f62c2b7476ec38f48ac57004ba8a07de) Importer(815301076,1909f56bfc062723c751e8b465ee728b)
Start importing Assets/Elements/Models/Materials/Lights/withe light low emission.mat using Guid(f62c2b7476ec38f48ac57004ba8a07de) Importer(815301076,1909f56bfc062723c751e8b465ee728b)  -> (artifact id: '4cd44710ff8ce0a5e3d170d5f51f2d30') in 0.087391 seconds 
  Import took 0.130541 seconds .

========================================================================
Received Import Request.
  Time since last request: 233.803240 seconds.
  path: Assets/Elements/Models/Materials/Lights/White light.mat
  artifactKey: Guid(951844caddf315d4cbf740378e8eb91a) Importer(815301076,1909f56bfc062723c751e8b465ee728b)
Start importing Assets/Elements/Models/Materials/Lights/White light.mat using Guid(951844caddf315d4cbf740378e8eb91a) Importer(815301076,1909f56bfc062723c751e8b465ee728b)  -> (artifact id: '0c4891bf31ebb8f6359ab36d50509744') in 0.077604 seconds 
  Import took 0.127062 seconds .

